2022-01-19T11:06:59+00:00 CRITICAL Uncaught Error: Call to a member function get_default_args() on array in C:\xampp\htdocs\CMS\Sendigitour\wp-content\plugins\elementor\includes\managers\elements.php:83
Stack trace:
#0 C:\xampp\htdocs\CMS\Sendigitour\wp-content\plugins\elementor\core\base\document.php(870): Elementor\Elements_Manager->create_element_instance(Array)
#1 C:\xampp\htdocs\CMS\Sendigitour\wp-content\plugins\elementor\core\base\document.php(1079): Elementor\Core\Base\Document->get_elements_raw_data(Array)
#2 C:\xampp\htdocs\CMS\Sendigitour\wp-content\plugins\elementor\core\base\document.php(663): Elementor\Core\Base\Document->save_elements(Array)
#3 C:\xampp\htdocs\CMS\Sendigitour\wp-content\plugins\elementor\core\documents-manager.php(527): Elementor\Core\Base\Document->save(Array)
#4 [internal function]: Elementor\Core\Documents_Manager->ajax_save(Array, Object(Elementor\Core\Common\Modules\Ajax\Module))
#5 C:\xampp\htdocs\CMS\Sendigitour\wp-content\plugins\elementor\core\common\modules\ajax\module.php(171): call_user_func(Array, Array, Object(Elementor\Core\Common\Modules\Ajax\Module))
#6 C:\xampp\htdocs\CMS\Sendigitour\wp-includes\class-wp-hook.php(303): Elementor\Core\Common\Modules\Ajax\Module->handle_ajax_request('')
#7 C:\xampp\htdocs\CMS\Sendigitour\wp-includes\class-wp-hook.php(327): WP_Hook->apply_filters('', Array)
#8 C:\xampp\htdocs\CMS\Sendigitour\wp-includes\plugin.php(470): WP_Hook->do_action(Array)
#9 C:\xampp\htdocs\CMS\Sendigitour\wp-admin\admin-ajax.php(187): do_action('wp_ajax_element...')
#10 {main}
  thrown dans C:\xampp\htdocs\CMS\Sendigitour\wp-content\plugins\elementor\includes\managers\elements.php à la ligne 83

2022-01-19T11:20:05+00:00 CRITICAL Uncaught Exception: Invalid data: {"data":["Array"],"element":"Array"} in C:\xampp\htdocs\CMS\Sendigitour\wp-content\plugins\elementor\core\base\document.php:864
Stack trace:
#0 C:\xampp\htdocs\CMS\Sendigitour\wp-content\plugins\elementor\core\base\document.php(553): Elementor\Core\Base\Document->get_elements_raw_data(Array, true)
#1 C:\xampp\htdocs\CMS\Sendigitour\wp-content\plugins\elementor\includes\base\controls-stack.php(997): Elementor\Core\Base\Document->get_initial_config()
#2 C:\xampp\htdocs\CMS\Sendigitour\wp-content\plugins\elementor\core\editor\editor.php(522): Elementor\Controls_Stack->get_config()
#3 C:\xampp\htdocs\CMS\Sendigitour\wp-includes\class-wp-hook.php(303): Elementor\Core\Editor\Editor->enqueue_scripts('')
#4 C:\xampp\htdocs\CMS\Sendigitour\wp-includes\class-wp-hook.php(327): WP_Hook->apply_filters('', Array)
#5 C:\xampp\htdocs\CMS\Sendigitour\wp-includes\plugin.php(470): WP_Hook->do_action(Array)
#6 C:\xampp\htdocs\CMS\Sendigitour\wp-includes\script-loader.php(2083): do_action('wp_enqueue_scri...')
#7 C:\xampp\htdocs\CMS\Sendigitour\wp-includes\class-wp-hook.php(303): wp_enqueue_scripts('')
#8 C:\xampp\htdocs\CMS\Sendigitour\wp-includes\class-wp-hook.php(327): WP_Hook->apply_filters('', Array)
#9 C:\xampp\htdocs\CMS\Sendigitour\wp-includes\plugin.php(470): WP_Hook->do_action(Array)
#10 C:\xampp\htdocs\CMS\Sendigitour\wp-includes\general-template.php(3015): do_action('wp_head')
#11 C:\xampp\htdocs\CMS\Sendigitour\wp-content\plugins\elementor\includes\editor-templates\editor-wrapper.php(31): wp_head()
#12 C:\xampp\htdocs\CMS\Sendigitour\wp-content\plugins\elementor\core\editor\editor.php(317): include('C:\\xampp\\htdocs...')
#13 C:\xampp\htdocs\CMS\Sendigitour\wp-content\plugins\elementor\core\editor\editor.php(158): Elementor\Core\Editor\Editor->print_editor_template()
#14 C:\xampp\htdocs\CMS\Sendigitour\wp-includes\class-wp-hook.php(303): Elementor\Core\Editor\Editor->init('')
#15 C:\xampp\htdocs\CMS\Sendigitour\wp-includes\class-wp-hook.php(327): WP_Hook->apply_filters('', Array)
#16 C:\xampp\htdocs\CMS\Sendigitour\wp-includes\plugin.php(470): WP_Hook->do_action(Array)
#17 C:\xampp\htdocs\CMS\Sendigitour\wp-admin\admin.php(408): do_action('admin_action_el...')
#18 C:\xampp\htdocs\CMS\Sendigitour\wp-admin\post.php(12): require_once('C:\\xampp\\htdocs...')
#19 {main}
  thrown dans C:\xampp\htdocs\CMS\Sendigitour\wp-content\plugins\elementor\core\base\document.php à la ligne 864

2022-01-19T11:20:17+00:00 CRITICAL Uncaught Exception: Invalid data: {"data":["Array"],"element":"Array"} in C:\xampp\htdocs\CMS\Sendigitour\wp-content\plugins\elementor\core\base\document.php:864
Stack trace:
#0 C:\xampp\htdocs\CMS\Sendigitour\wp-content\plugins\elementor\core\base\document.php(553): Elementor\Core\Base\Document->get_elements_raw_data(Array, true)
#1 C:\xampp\htdocs\CMS\Sendigitour\wp-content\plugins\elementor\includes\base\controls-stack.php(997): Elementor\Core\Base\Document->get_initial_config()
#2 C:\xampp\htdocs\CMS\Sendigitour\wp-content\plugins\elementor\core\editor\editor.php(522): Elementor\Controls_Stack->get_config()
#3 C:\xampp\htdocs\CMS\Sendigitour\wp-includes\class-wp-hook.php(303): Elementor\Core\Editor\Editor->enqueue_scripts('')
#4 C:\xampp\htdocs\CMS\Sendigitour\wp-includes\class-wp-hook.php(327): WP_Hook->apply_filters('', Array)
#5 C:\xampp\htdocs\CMS\Sendigitour\wp-includes\plugin.php(470): WP_Hook->do_action(Array)
#6 C:\xampp\htdocs\CMS\Sendigitour\wp-includes\script-loader.php(2083): do_action('wp_enqueue_scri...')
#7 C:\xampp\htdocs\CMS\Sendigitour\wp-includes\class-wp-hook.php(303): wp_enqueue_scripts('')
#8 C:\xampp\htdocs\CMS\Sendigitour\wp-includes\class-wp-hook.php(327): WP_Hook->apply_filters('', Array)
#9 C:\xampp\htdocs\CMS\Sendigitour\wp-includes\plugin.php(470): WP_Hook->do_action(Array)
#10 C:\xampp\htdocs\CMS\Sendigitour\wp-includes\general-template.php(3015): do_action('wp_head')
#11 C:\xampp\htdocs\CMS\Sendigitour\wp-content\plugins\elementor\includes\editor-templates\editor-wrapper.php(31): wp_head()
#12 C:\xampp\htdocs\CMS\Sendigitour\wp-content\plugins\elementor\core\editor\editor.php(317): include('C:\\xampp\\htdocs...')
#13 C:\xampp\htdocs\CMS\Sendigitour\wp-content\plugins\elementor\core\editor\editor.php(158): Elementor\Core\Editor\Editor->print_editor_template()
#14 C:\xampp\htdocs\CMS\Sendigitour\wp-includes\class-wp-hook.php(303): Elementor\Core\Editor\Editor->init('')
#15 C:\xampp\htdocs\CMS\Sendigitour\wp-includes\class-wp-hook.php(327): WP_Hook->apply_filters('', Array)
#16 C:\xampp\htdocs\CMS\Sendigitour\wp-includes\plugin.php(470): WP_Hook->do_action(Array)
#17 C:\xampp\htdocs\CMS\Sendigitour\wp-admin\admin.php(408): do_action('admin_action_el...')
#18 C:\xampp\htdocs\CMS\Sendigitour\wp-admin\post.php(12): require_once('C:\\xampp\\htdocs...')
#19 {main}
  thrown dans C:\xampp\htdocs\CMS\Sendigitour\wp-content\plugins\elementor\core\base\document.php à la ligne 864

2022-01-19T11:20:26+00:00 CRITICAL Uncaught TypeError: Elementor\Elements_Manager::create_element_instance(): Argument #1 ($element_data) must be of type array, string given, called in C:\xampp\htdocs\CMS\Sendigitour\wp-content\plugins\elementor\core\files\css\post.php on line 172 and defined in C:\xampp\htdocs\CMS\Sendigitour\wp-content\plugins\elementor\includes\managers\elements.php:70
Stack trace:
#0 C:\xampp\htdocs\CMS\Sendigitour\wp-content\plugins\elementor\core\files\css\post.php(172): Elementor\Elements_Manager->create_element_instance('Array')
#1 C:\xampp\htdocs\CMS\Sendigitour\wp-content\plugins\elementor\core\files\css\base.php(632): Elementor\Core\Files\CSS\Post->render_css()
#2 C:\xampp\htdocs\CMS\Sendigitour\wp-content\plugins\elementor\core\files\base.php(180): Elementor\Core\Files\CSS\Base->parse_content()
#3 C:\xampp\htdocs\CMS\Sendigitour\wp-content\plugins\elementor\core\files\css\base.php(131): Elementor\Core\Files\Base->update_file()
#4 C:\xampp\htdocs\CMS\Sendigitour\wp-content\plugins\elementor\core\files\css\base.php(218): Elementor\Core\Files\CSS\Base->update()
#5 C:\xampp\htdocs\CMS\Sendigitour\wp-content\plugins\elementor\core\files\css\post.php(201): Elementor\Core\Files\CSS\Base->enqueue()
#6 C:\xampp\htdocs\CMS\Sendigitour\wp-content\plugins\elementor\includes\frontend.php(639): Elementor\Core\Files\CSS\Post->enqueue()
#7 C:\xampp\htdocs\CMS\Sendigitour\wp-includes\class-wp-hook.php(303): Elementor\Frontend->enqueue_styles('')
#8 C:\xampp\htdocs\CMS\Sendigitour\wp-includes\class-wp-hook.php(327): WP_Hook->apply_filters(NULL, Array)
#9 C:\xampp\htdocs\CMS\Sendigitour\wp-includes\plugin.php(470): WP_Hook->do_action(Array)
#10 C:\xampp\htdocs\CMS\Sendigitour\wp-includes\script-loader.php(2083): do_action('wp_enqueue_scri...')
#11 C:\xampp\htdocs\CMS\Sendigitour\wp-includes\class-wp-hook.php(303): wp_enqueue_scripts('')
#12 C:\xampp\htdocs\CMS\Sendigitour\wp-includes\class-wp-hook.php(327): WP_Hook->apply_filters(NULL, Array)
#13 C:\xampp\htdocs\CMS\Sendigitour\wp-includes\plugin.php(470): WP_Hook->do_action(Array)
#14 C:\xampp\htdocs\CMS\Sendigitour\wp-includes\general-template.php(3015): do_action('wp_head')
#15 C:\xampp\htdocs\CMS\Sendigitour\wp-content\themes\astra\header.php(26): wp_head()
#16 C:\xampp\htdocs\CMS\Sendigitour\wp-includes\template.php(770): require_once('C:\\xampp\\htdocs...')
#17 C:\xampp\htdocs\CMS\Sendigitour\wp-includes\template.php(716): load_template('C:\\xampp\\htdocs...', true, Array)
#18 C:\xampp\htdocs\CMS\Sendigitour\wp-includes\general-template.php(48): locate_template(Array, true, true, Array)
#19 C:\xampp\htdocs\CMS\Sendigitour\wp-content\themes\astra\page.php(20): get_header()
#20 C:\xampp\htdocs\CMS\Sendigitour\wp-includes\template-loader.php(106): include('C:\\xampp\\htdocs...')
#21 C:\xampp\htdocs\CMS\Sendigitour\wp-blog-header.php(19): require_once('C:\\xampp\\htdocs...')
#22 C:\xampp\htdocs\CMS\Sendigitour\index.php(17): require('C:\\xampp\\htdocs...')
#23 {main}
  thrown dans C:\xampp\htdocs\CMS\Sendigitour\wp-content\plugins\elementor\includes\managers\elements.php à la ligne 70

2022-01-19T11:20:38+00:00 CRITICAL Uncaught TypeError: Elementor\Elements_Manager::create_element_instance(): Argument #1 ($element_data) must be of type array, string given, called in C:\xampp\htdocs\CMS\Sendigitour\wp-content\plugins\elementor\core\files\css\post.php on line 172 and defined in C:\xampp\htdocs\CMS\Sendigitour\wp-content\plugins\elementor\includes\managers\elements.php:70
Stack trace:
#0 C:\xampp\htdocs\CMS\Sendigitour\wp-content\plugins\elementor\core\files\css\post.php(172): Elementor\Elements_Manager->create_element_instance('Array')
#1 C:\xampp\htdocs\CMS\Sendigitour\wp-content\plugins\elementor\core\files\css\base.php(632): Elementor\Core\Files\CSS\Post->render_css()
#2 C:\xampp\htdocs\CMS\Sendigitour\wp-content\plugins\elementor\core\files\base.php(180): Elementor\Core\Files\CSS\Base->parse_content()
#3 C:\xampp\htdocs\CMS\Sendigitour\wp-content\plugins\elementor\core\files\css\base.php(131): Elementor\Core\Files\Base->update_file()
#4 C:\xampp\htdocs\CMS\Sendigitour\wp-content\plugins\elementor\core\files\css\base.php(218): Elementor\Core\Files\CSS\Base->update()
#5 C:\xampp\htdocs\CMS\Sendigitour\wp-content\plugins\elementor\core\files\css\post.php(201): Elementor\Core\Files\CSS\Base->enqueue()
#6 C:\xampp\htdocs\CMS\Sendigitour\wp-content\plugins\elementor\includes\frontend.php(639): Elementor\Core\Files\CSS\Post->enqueue()
#7 C:\xampp\htdocs\CMS\Sendigitour\wp-includes\class-wp-hook.php(303): Elementor\Frontend->enqueue_styles('')
#8 C:\xampp\htdocs\CMS\Sendigitour\wp-includes\class-wp-hook.php(327): WP_Hook->apply_filters(NULL, Array)
#9 C:\xampp\htdocs\CMS\Sendigitour\wp-includes\plugin.php(470): WP_Hook->do_action(Array)
#10 C:\xampp\htdocs\CMS\Sendigitour\wp-includes\script-loader.php(2083): do_action('wp_enqueue_scri...')
#11 C:\xampp\htdocs\CMS\Sendigitour\wp-includes\class-wp-hook.php(303): wp_enqueue_scripts('')
#12 C:\xampp\htdocs\CMS\Sendigitour\wp-includes\class-wp-hook.php(327): WP_Hook->apply_filters(NULL, Array)
#13 C:\xampp\htdocs\CMS\Sendigitour\wp-includes\plugin.php(470): WP_Hook->do_action(Array)
#14 C:\xampp\htdocs\CMS\Sendigitour\wp-includes\general-template.php(3015): do_action('wp_head')
#15 C:\xampp\htdocs\CMS\Sendigitour\wp-content\themes\astra\header.php(26): wp_head()
#16 C:\xampp\htdocs\CMS\Sendigitour\wp-includes\template.php(770): require_once('C:\\xampp\\htdocs...')
#17 C:\xampp\htdocs\CMS\Sendigitour\wp-includes\template.php(716): load_template('C:\\xampp\\htdocs...', true, Array)
#18 C:\xampp\htdocs\CMS\Sendigitour\wp-includes\general-template.php(48): locate_template(Array, true, true, Array)
#19 C:\xampp\htdocs\CMS\Sendigitour\wp-content\themes\astra\page.php(20): get_header()
#20 C:\xampp\htdocs\CMS\Sendigitour\wp-includes\template-loader.php(106): include('C:\\xampp\\htdocs...')
#21 C:\xampp\htdocs\CMS\Sendigitour\wp-blog-header.php(19): require_once('C:\\xampp\\htdocs...')
#22 C:\xampp\htdocs\CMS\Sendigitour\index.php(17): require('C:\\xampp\\htdocs...')
#23 {main}
  thrown dans C:\xampp\htdocs\CMS\Sendigitour\wp-content\plugins\elementor\includes\managers\elements.php à la ligne 70

2022-01-19T11:20:52+00:00 CRITICAL Uncaught TypeError: Elementor\Elements_Manager::create_element_instance(): Argument #1 ($element_data) must be of type array, string given, called in C:\xampp\htdocs\CMS\Sendigitour\wp-content\plugins\elementor\core\files\css\post.php on line 172 and defined in C:\xampp\htdocs\CMS\Sendigitour\wp-content\plugins\elementor\includes\managers\elements.php:70
Stack trace:
#0 C:\xampp\htdocs\CMS\Sendigitour\wp-content\plugins\elementor\core\files\css\post.php(172): Elementor\Elements_Manager->create_element_instance('Array')
#1 C:\xampp\htdocs\CMS\Sendigitour\wp-content\plugins\elementor\core\files\css\base.php(632): Elementor\Core\Files\CSS\Post->render_css()
#2 C:\xampp\htdocs\CMS\Sendigitour\wp-content\plugins\elementor\core\files\base.php(180): Elementor\Core\Files\CSS\Base->parse_content()
#3 C:\xampp\htdocs\CMS\Sendigitour\wp-content\plugins\elementor\core\files\css\base.php(131): Elementor\Core\Files\Base->update_file()
#4 C:\xampp\htdocs\CMS\Sendigitour\wp-content\plugins\elementor\core\files\css\base.php(218): Elementor\Core\Files\CSS\Base->update()
#5 C:\xampp\htdocs\CMS\Sendigitour\wp-content\plugins\elementor\core\files\css\post.php(201): Elementor\Core\Files\CSS\Base->enqueue()
#6 C:\xampp\htdocs\CMS\Sendigitour\wp-content\plugins\elementor\includes\frontend.php(639): Elementor\Core\Files\CSS\Post->enqueue()
#7 C:\xampp\htdocs\CMS\Sendigitour\wp-includes\class-wp-hook.php(303): Elementor\Frontend->enqueue_styles('')
#8 C:\xampp\htdocs\CMS\Sendigitour\wp-includes\class-wp-hook.php(327): WP_Hook->apply_filters(NULL, Array)
#9 C:\xampp\htdocs\CMS\Sendigitour\wp-includes\plugin.php(470): WP_Hook->do_action(Array)
#10 C:\xampp\htdocs\CMS\Sendigitour\wp-includes\script-loader.php(2083): do_action('wp_enqueue_scri...')
#11 C:\xampp\htdocs\CMS\Sendigitour\wp-includes\class-wp-hook.php(303): wp_enqueue_scripts('')
#12 C:\xampp\htdocs\CMS\Sendigitour\wp-includes\class-wp-hook.php(327): WP_Hook->apply_filters(NULL, Array)
#13 C:\xampp\htdocs\CMS\Sendigitour\wp-includes\plugin.php(470): WP_Hook->do_action(Array)
#14 C:\xampp\htdocs\CMS\Sendigitour\wp-includes\general-template.php(3015): do_action('wp_head')
#15 C:\xampp\htdocs\CMS\Sendigitour\wp-content\themes\astra\header.php(26): wp_head()
#16 C:\xampp\htdocs\CMS\Sendigitour\wp-includes\template.php(770): require_once('C:\\xampp\\htdocs...')
#17 C:\xampp\htdocs\CMS\Sendigitour\wp-includes\template.php(716): load_template('C:\\xampp\\htdocs...', true, Array)
#18 C:\xampp\htdocs\CMS\Sendigitour\wp-includes\general-template.php(48): locate_template(Array, true, true, Array)
#19 C:\xampp\htdocs\CMS\Sendigitour\wp-content\themes\astra\page.php(20): get_header()
#20 C:\xampp\htdocs\CMS\Sendigitour\wp-includes\template-loader.php(106): include('C:\\xampp\\htdocs...')
#21 C:\xampp\htdocs\CMS\Sendigitour\wp-blog-header.php(19): require_once('C:\\xampp\\htdocs...')
#22 C:\xampp\htdocs\CMS\Sendigitour\index.php(17): require('C:\\xampp\\htdocs...')
#23 {main}
  thrown dans C:\xampp\htdocs\CMS\Sendigitour\wp-content\plugins\elementor\includes\managers\elements.php à la ligne 70

2022-01-19T11:33:12+00:00 CRITICAL Uncaught TypeError: Elementor\Elements_Manager::create_element_instance(): Argument #1 ($element_data) must be of type array, string given, called in C:\xampp\htdocs\CMS\Sendigitour\wp-content\plugins\elementor\core\files\css\post.php on line 172 and defined in C:\xampp\htdocs\CMS\Sendigitour\wp-content\plugins\elementor\includes\managers\elements.php:70
Stack trace:
#0 C:\xampp\htdocs\CMS\Sendigitour\wp-content\plugins\elementor\core\files\css\post.php(172): Elementor\Elements_Manager->create_element_instance('Array')
#1 C:\xampp\htdocs\CMS\Sendigitour\wp-content\plugins\elementor\core\files\css\base.php(632): Elementor\Core\Files\CSS\Post->render_css()
#2 C:\xampp\htdocs\CMS\Sendigitour\wp-content\plugins\elementor\core\files\base.php(180): Elementor\Core\Files\CSS\Base->parse_content()
#3 C:\xampp\htdocs\CMS\Sendigitour\wp-content\plugins\elementor\core\files\css\base.php(131): Elementor\Core\Files\Base->update_file()
#4 C:\xampp\htdocs\CMS\Sendigitour\wp-content\plugins\elementor\core\files\css\base.php(218): Elementor\Core\Files\CSS\Base->update()
#5 C:\xampp\htdocs\CMS\Sendigitour\wp-content\plugins\elementor\core\files\css\post.php(201): Elementor\Core\Files\CSS\Base->enqueue()
#6 C:\xampp\htdocs\CMS\Sendigitour\wp-content\plugins\elementor\includes\frontend.php(639): Elementor\Core\Files\CSS\Post->enqueue()
#7 C:\xampp\htdocs\CMS\Sendigitour\wp-includes\class-wp-hook.php(303): Elementor\Frontend->enqueue_styles('')
#8 C:\xampp\htdocs\CMS\Sendigitour\wp-includes\class-wp-hook.php(327): WP_Hook->apply_filters(NULL, Array)
#9 C:\xampp\htdocs\CMS\Sendigitour\wp-includes\plugin.php(470): WP_Hook->do_action(Array)
#10 C:\xampp\htdocs\CMS\Sendigitour\wp-includes\script-loader.php(2083): do_action('wp_enqueue_scri...')
#11 C:\xampp\htdocs\CMS\Sendigitour\wp-includes\class-wp-hook.php(303): wp_enqueue_scripts('')
#12 C:\xampp\htdocs\CMS\Sendigitour\wp-includes\class-wp-hook.php(327): WP_Hook->apply_filters(NULL, Array)
#13 C:\xampp\htdocs\CMS\Sendigitour\wp-includes\plugin.php(470): WP_Hook->do_action(Array)
#14 C:\xampp\htdocs\CMS\Sendigitour\wp-includes\general-template.php(3015): do_action('wp_head')
#15 C:\xampp\htdocs\CMS\Sendigitour\wp-content\themes\astra\header.php(26): wp_head()
#16 C:\xampp\htdocs\CMS\Sendigitour\wp-includes\template.php(770): require_once('C:\\xampp\\htdocs...')
#17 C:\xampp\htdocs\CMS\Sendigitour\wp-includes\template.php(716): load_template('C:\\xampp\\htdocs...', true, Array)
#18 C:\xampp\htdocs\CMS\Sendigitour\wp-includes\general-template.php(48): locate_template(Array, true, true, Array)
#19 C:\xampp\htdocs\CMS\Sendigitour\wp-content\themes\astra\page.php(20): get_header()
#20 C:\xampp\htdocs\CMS\Sendigitour\wp-includes\template-loader.php(106): include('C:\\xampp\\htdocs...')
#21 C:\xampp\htdocs\CMS\Sendigitour\wp-blog-header.php(19): require_once('C:\\xampp\\htdocs...')
#22 C:\xampp\htdocs\CMS\Sendigitour\index.php(17): require('C:\\xampp\\htdocs...')
#23 {main}
  thrown dans C:\xampp\htdocs\CMS\Sendigitour\wp-content\plugins\elementor\includes\managers\elements.php à la ligne 70

2022-01-19T11:33:53+00:00 CRITICAL Uncaught TypeError: Elementor\Elements_Manager::create_element_instance(): Argument #1 ($element_data) must be of type array, string given, called in C:\xampp\htdocs\CMS\Sendigitour\wp-content\plugins\elementor\core\files\css\post.php on line 172 and defined in C:\xampp\htdocs\CMS\Sendigitour\wp-content\plugins\elementor\includes\managers\elements.php:70
Stack trace:
#0 C:\xampp\htdocs\CMS\Sendigitour\wp-content\plugins\elementor\core\files\css\post.php(172): Elementor\Elements_Manager->create_element_instance('Array')
#1 C:\xampp\htdocs\CMS\Sendigitour\wp-content\plugins\elementor\core\files\css\base.php(632): Elementor\Core\Files\CSS\Post->render_css()
#2 C:\xampp\htdocs\CMS\Sendigitour\wp-content\plugins\elementor\core\files\base.php(180): Elementor\Core\Files\CSS\Base->parse_content()
#3 C:\xampp\htdocs\CMS\Sendigitour\wp-content\plugins\elementor\core\files\css\base.php(131): Elementor\Core\Files\Base->update_file()
#4 C:\xampp\htdocs\CMS\Sendigitour\wp-content\plugins\elementor\core\files\css\base.php(218): Elementor\Core\Files\CSS\Base->update()
#5 C:\xampp\htdocs\CMS\Sendigitour\wp-content\plugins\elementor\core\files\css\post.php(201): Elementor\Core\Files\CSS\Base->enqueue()
#6 C:\xampp\htdocs\CMS\Sendigitour\wp-content\plugins\elementor\includes\frontend.php(639): Elementor\Core\Files\CSS\Post->enqueue()
#7 C:\xampp\htdocs\CMS\Sendigitour\wp-includes\class-wp-hook.php(303): Elementor\Frontend->enqueue_styles('')
#8 C:\xampp\htdocs\CMS\Sendigitour\wp-includes\class-wp-hook.php(327): WP_Hook->apply_filters(NULL, Array)
#9 C:\xampp\htdocs\CMS\Sendigitour\wp-includes\plugin.php(470): WP_Hook->do_action(Array)
#10 C:\xampp\htdocs\CMS\Sendigitour\wp-includes\script-loader.php(2083): do_action('wp_enqueue_scri...')
#11 C:\xampp\htdocs\CMS\Sendigitour\wp-includes\class-wp-hook.php(303): wp_enqueue_scripts('')
#12 C:\xampp\htdocs\CMS\Sendigitour\wp-includes\class-wp-hook.php(327): WP_Hook->apply_filters(NULL, Array)
#13 C:\xampp\htdocs\CMS\Sendigitour\wp-includes\plugin.php(470): WP_Hook->do_action(Array)
#14 C:\xampp\htdocs\CMS\Sendigitour\wp-includes\general-template.php(3015): do_action('wp_head')
#15 C:\xampp\htdocs\CMS\Sendigitour\wp-content\themes\astra\header.php(26): wp_head()
#16 C:\xampp\htdocs\CMS\Sendigitour\wp-includes\template.php(770): require_once('C:\\xampp\\htdocs...')
#17 C:\xampp\htdocs\CMS\Sendigitour\wp-includes\template.php(716): load_template('C:\\xampp\\htdocs...', true, Array)
#18 C:\xampp\htdocs\CMS\Sendigitour\wp-includes\general-template.php(48): locate_template(Array, true, true, Array)
#19 C:\xampp\htdocs\CMS\Sendigitour\wp-content\themes\astra\page.php(20): get_header()
#20 C:\xampp\htdocs\CMS\Sendigitour\wp-includes\template-loader.php(106): include('C:\\xampp\\htdocs...')
#21 C:\xampp\htdocs\CMS\Sendigitour\wp-blog-header.php(19): require_once('C:\\xampp\\htdocs...')
#22 C:\xampp\htdocs\CMS\Sendigitour\index.php(17): require('C:\\xampp\\htdocs...')
#23 {main}
  thrown dans C:\xampp\htdocs\CMS\Sendigitour\wp-content\plugins\elementor\includes\managers\elements.php à la ligne 70

2022-01-19T11:34:01+00:00 CRITICAL Uncaught TypeError: Elementor\Elements_Manager::create_element_instance(): Argument #1 ($element_data) must be of type array, string given, called in C:\xampp\htdocs\CMS\Sendigitour\wp-content\plugins\elementor\core\files\css\post.php on line 172 and defined in C:\xampp\htdocs\CMS\Sendigitour\wp-content\plugins\elementor\includes\managers\elements.php:70
Stack trace:
#0 C:\xampp\htdocs\CMS\Sendigitour\wp-content\plugins\elementor\core\files\css\post.php(172): Elementor\Elements_Manager->create_element_instance('Array')
#1 C:\xampp\htdocs\CMS\Sendigitour\wp-content\plugins\elementor\core\files\css\base.php(632): Elementor\Core\Files\CSS\Post->render_css()
#2 C:\xampp\htdocs\CMS\Sendigitour\wp-content\plugins\elementor\core\files\base.php(180): Elementor\Core\Files\CSS\Base->parse_content()
#3 C:\xampp\htdocs\CMS\Sendigitour\wp-content\plugins\elementor\core\files\css\base.php(131): Elementor\Core\Files\Base->update_file()
#4 C:\xampp\htdocs\CMS\Sendigitour\wp-content\plugins\elementor\core\files\css\base.php(218): Elementor\Core\Files\CSS\Base->update()
#5 C:\xampp\htdocs\CMS\Sendigitour\wp-content\plugins\elementor\core\files\css\post.php(201): Elementor\Core\Files\CSS\Base->enqueue()
#6 C:\xampp\htdocs\CMS\Sendigitour\wp-content\plugins\elementor\includes\frontend.php(639): Elementor\Core\Files\CSS\Post->enqueue()
#7 C:\xampp\htdocs\CMS\Sendigitour\wp-includes\class-wp-hook.php(303): Elementor\Frontend->enqueue_styles('')
#8 C:\xampp\htdocs\CMS\Sendigitour\wp-includes\class-wp-hook.php(327): WP_Hook->apply_filters(NULL, Array)
#9 C:\xampp\htdocs\CMS\Sendigitour\wp-includes\plugin.php(470): WP_Hook->do_action(Array)
#10 C:\xampp\htdocs\CMS\Sendigitour\wp-includes\script-loader.php(2083): do_action('wp_enqueue_scri...')
#11 C:\xampp\htdocs\CMS\Sendigitour\wp-includes\class-wp-hook.php(303): wp_enqueue_scripts('')
#12 C:\xampp\htdocs\CMS\Sendigitour\wp-includes\class-wp-hook.php(327): WP_Hook->apply_filters(NULL, Array)
#13 C:\xampp\htdocs\CMS\Sendigitour\wp-includes\plugin.php(470): WP_Hook->do_action(Array)
#14 C:\xampp\htdocs\CMS\Sendigitour\wp-includes\general-template.php(3015): do_action('wp_head')
#15 C:\xampp\htdocs\CMS\Sendigitour\wp-content\themes\astra\header.php(26): wp_head()
#16 C:\xampp\htdocs\CMS\Sendigitour\wp-includes\template.php(770): require_once('C:\\xampp\\htdocs...')
#17 C:\xampp\htdocs\CMS\Sendigitour\wp-includes\template.php(716): load_template('C:\\xampp\\htdocs...', true, Array)
#18 C:\xampp\htdocs\CMS\Sendigitour\wp-includes\general-template.php(48): locate_template(Array, true, true, Array)
#19 C:\xampp\htdocs\CMS\Sendigitour\wp-content\themes\astra\page.php(20): get_header()
#20 C:\xampp\htdocs\CMS\Sendigitour\wp-includes\template-loader.php(106): include('C:\\xampp\\htdocs...')
#21 C:\xampp\htdocs\CMS\Sendigitour\wp-blog-header.php(19): require_once('C:\\xampp\\htdocs...')
#22 C:\xampp\htdocs\CMS\Sendigitour\index.php(17): require('C:\\xampp\\htdocs...')
#23 {main}
  thrown dans C:\xampp\htdocs\CMS\Sendigitour\wp-content\plugins\elementor\includes\managers\elements.php à la ligne 70

2022-01-19T12:00:14+00:00 CRITICAL Uncaught TypeError: Elementor\Elements_Manager::create_element_instance(): Argument #1 ($element_data) must be of type array, string given, called in C:\xampp\htdocs\CMS\Sendigitour\wp-content\plugins\elementor\core\files\css\post.php on line 172 and defined in C:\xampp\htdocs\CMS\Sendigitour\wp-content\plugins\elementor\includes\managers\elements.php:70
Stack trace:
#0 C:\xampp\htdocs\CMS\Sendigitour\wp-content\plugins\elementor\core\files\css\post.php(172): Elementor\Elements_Manager->create_element_instance('Array')
#1 C:\xampp\htdocs\CMS\Sendigitour\wp-content\plugins\elementor\core\files\css\base.php(632): Elementor\Core\Files\CSS\Post->render_css()
#2 C:\xampp\htdocs\CMS\Sendigitour\wp-content\plugins\elementor\core\files\base.php(180): Elementor\Core\Files\CSS\Base->parse_content()
#3 C:\xampp\htdocs\CMS\Sendigitour\wp-content\plugins\elementor\core\files\css\base.php(131): Elementor\Core\Files\Base->update_file()
#4 C:\xampp\htdocs\CMS\Sendigitour\wp-content\plugins\elementor\core\files\css\base.php(218): Elementor\Core\Files\CSS\Base->update()
#5 C:\xampp\htdocs\CMS\Sendigitour\wp-content\plugins\elementor\core\files\css\post.php(201): Elementor\Core\Files\CSS\Base->enqueue()
#6 C:\xampp\htdocs\CMS\Sendigitour\wp-content\plugins\elementor\includes\frontend.php(639): Elementor\Core\Files\CSS\Post->enqueue()
#7 C:\xampp\htdocs\CMS\Sendigitour\wp-includes\class-wp-hook.php(303): Elementor\Frontend->enqueue_styles('')
#8 C:\xampp\htdocs\CMS\Sendigitour\wp-includes\class-wp-hook.php(327): WP_Hook->apply_filters(NULL, Array)
#9 C:\xampp\htdocs\CMS\Sendigitour\wp-includes\plugin.php(470): WP_Hook->do_action(Array)
#10 C:\xampp\htdocs\CMS\Sendigitour\wp-includes\script-loader.php(2083): do_action('wp_enqueue_scri...')
#11 C:\xampp\htdocs\CMS\Sendigitour\wp-includes\class-wp-hook.php(303): wp_enqueue_scripts('')
#12 C:\xampp\htdocs\CMS\Sendigitour\wp-includes\class-wp-hook.php(327): WP_Hook->apply_filters(NULL, Array)
#13 C:\xampp\htdocs\CMS\Sendigitour\wp-includes\plugin.php(470): WP_Hook->do_action(Array)
#14 C:\xampp\htdocs\CMS\Sendigitour\wp-includes\general-template.php(3015): do_action('wp_head')
#15 C:\xampp\htdocs\CMS\Sendigitour\wp-content\themes\astra\header.php(26): wp_head()
#16 C:\xampp\htdocs\CMS\Sendigitour\wp-includes\template.php(770): require_once('C:\\xampp\\htdocs...')
#17 C:\xampp\htdocs\CMS\Sendigitour\wp-includes\template.php(716): load_template('C:\\xampp\\htdocs...', true, Array)
#18 C:\xampp\htdocs\CMS\Sendigitour\wp-includes\general-template.php(48): locate_template(Array, true, true, Array)
#19 C:\xampp\htdocs\CMS\Sendigitour\wp-content\plugins\elementor\modules\page-templates\templates\header-footer.php(9): get_header()
#20 C:\xampp\htdocs\CMS\Sendigitour\wp-includes\template-loader.php(106): include('C:\\xampp\\htdocs...')
#21 C:\xampp\htdocs\CMS\Sendigitour\wp-blog-header.php(19): require_once('C:\\xampp\\htdocs...')
#22 C:\xampp\htdocs\CMS\Sendigitour\index.php(17): require('C:\\xampp\\htdocs...')
#23 {main}
  thrown dans C:\xampp\htdocs\CMS\Sendigitour\wp-content\plugins\elementor\includes\managers\elements.php à la ligne 70

2022-01-19T12:27:44+00:00 CRITICAL Uncaught Error: Call to a member function get_default_args() on array in C:\xampp\htdocs\CMS\Sendigitour\wp-content\plugins\elementor\includes\managers\elements.php:83
Stack trace:
#0 C:\xampp\htdocs\CMS\Sendigitour\wp-content\plugins\elementor\core\base\document.php(870): Elementor\Elements_Manager->create_element_instance(Array)
#1 C:\xampp\htdocs\CMS\Sendigitour\wp-content\plugins\elementor\core\base\document.php(1079): Elementor\Core\Base\Document->get_elements_raw_data(Array)
#2 C:\xampp\htdocs\CMS\Sendigitour\wp-content\plugins\elementor\core\base\document.php(663): Elementor\Core\Base\Document->save_elements(Array)
#3 C:\xampp\htdocs\CMS\Sendigitour\wp-content\plugins\elementor\core\documents-manager.php(527): Elementor\Core\Base\Document->save(Array)
#4 [internal function]: Elementor\Core\Documents_Manager->ajax_save(Array, Object(Elementor\Core\Common\Modules\Ajax\Module))
#5 C:\xampp\htdocs\CMS\Sendigitour\wp-content\plugins\elementor\core\common\modules\ajax\module.php(171): call_user_func(Array, Array, Object(Elementor\Core\Common\Modules\Ajax\Module))
#6 C:\xampp\htdocs\CMS\Sendigitour\wp-includes\class-wp-hook.php(303): Elementor\Core\Common\Modules\Ajax\Module->handle_ajax_request('')
#7 C:\xampp\htdocs\CMS\Sendigitour\wp-includes\class-wp-hook.php(327): WP_Hook->apply_filters('', Array)
#8 C:\xampp\htdocs\CMS\Sendigitour\wp-includes\plugin.php(470): WP_Hook->do_action(Array)
#9 C:\xampp\htdocs\CMS\Sendigitour\wp-admin\admin-ajax.php(187): do_action('wp_ajax_element...')
#10 {main}
  thrown dans C:\xampp\htdocs\CMS\Sendigitour\wp-content\plugins\elementor\includes\managers\elements.php à la ligne 83

2022-01-19T13:05:00+00:00 CRITICAL Uncaught TypeError: Elementor\Elements_Manager::create_element_instance(): Argument #1 ($element_data) must be of type array, string given, called in C:\xampp\htdocs\CMS\Sendigitour\wp-content\plugins\elementor\core\files\css\post.php on line 172 and defined in C:\xampp\htdocs\CMS\Sendigitour\wp-content\plugins\elementor\includes\managers\elements.php:70
Stack trace:
#0 C:\xampp\htdocs\CMS\Sendigitour\wp-content\plugins\elementor\core\files\css\post.php(172): Elementor\Elements_Manager->create_element_instance('Array')
#1 C:\xampp\htdocs\CMS\Sendigitour\wp-content\plugins\elementor\core\files\css\base.php(632): Elementor\Core\Files\CSS\Post->render_css()
#2 C:\xampp\htdocs\CMS\Sendigitour\wp-content\plugins\elementor\core\files\base.php(180): Elementor\Core\Files\CSS\Base->parse_content()
#3 C:\xampp\htdocs\CMS\Sendigitour\wp-content\plugins\elementor\core\files\css\base.php(131): Elementor\Core\Files\Base->update_file()
#4 C:\xampp\htdocs\CMS\Sendigitour\wp-content\plugins\elementor\core\files\css\base.php(218): Elementor\Core\Files\CSS\Base->update()
#5 C:\xampp\htdocs\CMS\Sendigitour\wp-content\plugins\elementor\core\files\css\post.php(201): Elementor\Core\Files\CSS\Base->enqueue()
#6 C:\xampp\htdocs\CMS\Sendigitour\wp-content\plugins\elementor\includes\frontend.php(639): Elementor\Core\Files\CSS\Post->enqueue()
#7 C:\xampp\htdocs\CMS\Sendigitour\wp-includes\class-wp-hook.php(303): Elementor\Frontend->enqueue_styles('')
#8 C:\xampp\htdocs\CMS\Sendigitour\wp-includes\class-wp-hook.php(327): WP_Hook->apply_filters(NULL, Array)
#9 C:\xampp\htdocs\CMS\Sendigitour\wp-includes\plugin.php(470): WP_Hook->do_action(Array)
#10 C:\xampp\htdocs\CMS\Sendigitour\wp-includes\script-loader.php(2083): do_action('wp_enqueue_scri...')
#11 C:\xampp\htdocs\CMS\Sendigitour\wp-includes\class-wp-hook.php(303): wp_enqueue_scripts('')
#12 C:\xampp\htdocs\CMS\Sendigitour\wp-includes\class-wp-hook.php(327): WP_Hook->apply_filters(NULL, Array)
#13 C:\xampp\htdocs\CMS\Sendigitour\wp-includes\plugin.php(470): WP_Hook->do_action(Array)
#14 C:\xampp\htdocs\CMS\Sendigitour\wp-includes\general-template.php(3015): do_action('wp_head')
#15 C:\xampp\htdocs\CMS\Sendigitour\wp-content\themes\astra\header.php(26): wp_head()
#16 C:\xampp\htdocs\CMS\Sendigitour\wp-includes\template.php(770): require_once('C:\\xampp\\htdocs...')
#17 C:\xampp\htdocs\CMS\Sendigitour\wp-includes\template.php(716): load_template('C:\\xampp\\htdocs...', true, Array)
#18 C:\xampp\htdocs\CMS\Sendigitour\wp-includes\general-template.php(48): locate_template(Array, true, true, Array)
#19 C:\xampp\htdocs\CMS\Sendigitour\wp-content\plugins\elementor\modules\page-templates\templates\header-footer.php(9): get_header()
#20 C:\xampp\htdocs\CMS\Sendigitour\wp-includes\template-loader.php(106): include('C:\\xampp\\htdocs...')
#21 C:\xampp\htdocs\CMS\Sendigitour\wp-blog-header.php(19): require_once('C:\\xampp\\htdocs...')
#22 C:\xampp\htdocs\CMS\Sendigitour\index.php(17): require('C:\\xampp\\htdocs...')
#23 {main}
  thrown dans C:\xampp\htdocs\CMS\Sendigitour\wp-content\plugins\elementor\includes\managers\elements.php à la ligne 70

2022-01-19T13:05:10+00:00 CRITICAL Uncaught TypeError: Elementor\Elements_Manager::create_element_instance(): Argument #1 ($element_data) must be of type array, string given, called in C:\xampp\htdocs\CMS\Sendigitour\wp-content\plugins\elementor\core\files\css\post.php on line 172 and defined in C:\xampp\htdocs\CMS\Sendigitour\wp-content\plugins\elementor\includes\managers\elements.php:70
Stack trace:
#0 C:\xampp\htdocs\CMS\Sendigitour\wp-content\plugins\elementor\core\files\css\post.php(172): Elementor\Elements_Manager->create_element_instance('Array')
#1 C:\xampp\htdocs\CMS\Sendigitour\wp-content\plugins\elementor\core\files\css\base.php(632): Elementor\Core\Files\CSS\Post->render_css()
#2 C:\xampp\htdocs\CMS\Sendigitour\wp-content\plugins\elementor\core\files\base.php(180): Elementor\Core\Files\CSS\Base->parse_content()
#3 C:\xampp\htdocs\CMS\Sendigitour\wp-content\plugins\elementor\core\files\css\base.php(131): Elementor\Core\Files\Base->update_file()
#4 C:\xampp\htdocs\CMS\Sendigitour\wp-content\plugins\elementor\core\files\css\base.php(218): Elementor\Core\Files\CSS\Base->update()
#5 C:\xampp\htdocs\CMS\Sendigitour\wp-content\plugins\elementor\core\files\css\post.php(201): Elementor\Core\Files\CSS\Base->enqueue()
#6 C:\xampp\htdocs\CMS\Sendigitour\wp-content\plugins\elementor\includes\frontend.php(639): Elementor\Core\Files\CSS\Post->enqueue()
#7 C:\xampp\htdocs\CMS\Sendigitour\wp-includes\class-wp-hook.php(303): Elementor\Frontend->enqueue_styles('')
#8 C:\xampp\htdocs\CMS\Sendigitour\wp-includes\class-wp-hook.php(327): WP_Hook->apply_filters(NULL, Array)
#9 C:\xampp\htdocs\CMS\Sendigitour\wp-includes\plugin.php(470): WP_Hook->do_action(Array)
#10 C:\xampp\htdocs\CMS\Sendigitour\wp-includes\script-loader.php(2083): do_action('wp_enqueue_scri...')
#11 C:\xampp\htdocs\CMS\Sendigitour\wp-includes\class-wp-hook.php(303): wp_enqueue_scripts('')
#12 C:\xampp\htdocs\CMS\Sendigitour\wp-includes\class-wp-hook.php(327): WP_Hook->apply_filters(NULL, Array)
#13 C:\xampp\htdocs\CMS\Sendigitour\wp-includes\plugin.php(470): WP_Hook->do_action(Array)
#14 C:\xampp\htdocs\CMS\Sendigitour\wp-includes\general-template.php(3015): do_action('wp_head')
#15 C:\xampp\htdocs\CMS\Sendigitour\wp-content\themes\astra\header.php(26): wp_head()
#16 C:\xampp\htdocs\CMS\Sendigitour\wp-includes\template.php(770): require_once('C:\\xampp\\htdocs...')
#17 C:\xampp\htdocs\CMS\Sendigitour\wp-includes\template.php(716): load_template('C:\\xampp\\htdocs...', true, Array)
#18 C:\xampp\htdocs\CMS\Sendigitour\wp-includes\general-template.php(48): locate_template(Array, true, true, Array)
#19 C:\xampp\htdocs\CMS\Sendigitour\wp-content\themes\astra\page.php(20): get_header()
#20 C:\xampp\htdocs\CMS\Sendigitour\wp-includes\template-loader.php(106): include('C:\\xampp\\htdocs...')
#21 C:\xampp\htdocs\CMS\Sendigitour\wp-blog-header.php(19): require_once('C:\\xampp\\htdocs...')
#22 C:\xampp\htdocs\CMS\Sendigitour\index.php(17): require('C:\\xampp\\htdocs...')
#23 {main}
  thrown dans C:\xampp\htdocs\CMS\Sendigitour\wp-content\plugins\elementor\includes\managers\elements.php à la ligne 70

2022-01-19T13:05:17+00:00 CRITICAL Uncaught TypeError: Elementor\Elements_Manager::create_element_instance(): Argument #1 ($element_data) must be of type array, string given, called in C:\xampp\htdocs\CMS\Sendigitour\wp-content\plugins\elementor\core\files\css\post.php on line 172 and defined in C:\xampp\htdocs\CMS\Sendigitour\wp-content\plugins\elementor\includes\managers\elements.php:70
Stack trace:
#0 C:\xampp\htdocs\CMS\Sendigitour\wp-content\plugins\elementor\core\files\css\post.php(172): Elementor\Elements_Manager->create_element_instance('Array')
#1 C:\xampp\htdocs\CMS\Sendigitour\wp-content\plugins\elementor\core\files\css\base.php(632): Elementor\Core\Files\CSS\Post->render_css()
#2 C:\xampp\htdocs\CMS\Sendigitour\wp-content\plugins\elementor\core\files\base.php(180): Elementor\Core\Files\CSS\Base->parse_content()
#3 C:\xampp\htdocs\CMS\Sendigitour\wp-content\plugins\elementor\core\files\css\base.php(131): Elementor\Core\Files\Base->update_file()
#4 C:\xampp\htdocs\CMS\Sendigitour\wp-content\plugins\elementor\core\files\css\base.php(218): Elementor\Core\Files\CSS\Base->update()
#5 C:\xampp\htdocs\CMS\Sendigitour\wp-content\plugins\elementor\core\files\css\post.php(201): Elementor\Core\Files\CSS\Base->enqueue()
#6 C:\xampp\htdocs\CMS\Sendigitour\wp-content\plugins\elementor\includes\frontend.php(639): Elementor\Core\Files\CSS\Post->enqueue()
#7 C:\xampp\htdocs\CMS\Sendigitour\wp-includes\class-wp-hook.php(303): Elementor\Frontend->enqueue_styles('')
#8 C:\xampp\htdocs\CMS\Sendigitour\wp-includes\class-wp-hook.php(327): WP_Hook->apply_filters(NULL, Array)
#9 C:\xampp\htdocs\CMS\Sendigitour\wp-includes\plugin.php(470): WP_Hook->do_action(Array)
#10 C:\xampp\htdocs\CMS\Sendigitour\wp-includes\script-loader.php(2083): do_action('wp_enqueue_scri...')
#11 C:\xampp\htdocs\CMS\Sendigitour\wp-includes\class-wp-hook.php(303): wp_enqueue_scripts('')
#12 C:\xampp\htdocs\CMS\Sendigitour\wp-includes\class-wp-hook.php(327): WP_Hook->apply_filters(NULL, Array)
#13 C:\xampp\htdocs\CMS\Sendigitour\wp-includes\plugin.php(470): WP_Hook->do_action(Array)
#14 C:\xampp\htdocs\CMS\Sendigitour\wp-includes\general-template.php(3015): do_action('wp_head')
#15 C:\xampp\htdocs\CMS\Sendigitour\wp-content\themes\astra\header.php(26): wp_head()
#16 C:\xampp\htdocs\CMS\Sendigitour\wp-includes\template.php(770): require_once('C:\\xampp\\htdocs...')
#17 C:\xampp\htdocs\CMS\Sendigitour\wp-includes\template.php(716): load_template('C:\\xampp\\htdocs...', true, Array)
#18 C:\xampp\htdocs\CMS\Sendigitour\wp-includes\general-template.php(48): locate_template(Array, true, true, Array)
#19 C:\xampp\htdocs\CMS\Sendigitour\wp-content\plugins\elementor\modules\page-templates\templates\header-footer.php(9): get_header()
#20 C:\xampp\htdocs\CMS\Sendigitour\wp-includes\template-loader.php(106): include('C:\\xampp\\htdocs...')
#21 C:\xampp\htdocs\CMS\Sendigitour\wp-blog-header.php(19): require_once('C:\\xampp\\htdocs...')
#22 C:\xampp\htdocs\CMS\Sendigitour\index.php(17): require('C:\\xampp\\htdocs...')
#23 {main}
  thrown dans C:\xampp\htdocs\CMS\Sendigitour\wp-content\plugins\elementor\includes\managers\elements.php à la ligne 70

2022-01-19T13:07:16+00:00 CRITICAL Uncaught TypeError: Elementor\Elements_Manager::create_element_instance(): Argument #1 ($element_data) must be of type array, string given, called in C:\xampp\htdocs\CMS\Sendigitour\wp-content\plugins\elementor\core\files\css\post.php on line 172 and defined in C:\xampp\htdocs\CMS\Sendigitour\wp-content\plugins\elementor\includes\managers\elements.php:70
Stack trace:
#0 C:\xampp\htdocs\CMS\Sendigitour\wp-content\plugins\elementor\core\files\css\post.php(172): Elementor\Elements_Manager->create_element_instance('Array')
#1 C:\xampp\htdocs\CMS\Sendigitour\wp-content\plugins\elementor\core\files\css\base.php(632): Elementor\Core\Files\CSS\Post->render_css()
#2 C:\xampp\htdocs\CMS\Sendigitour\wp-content\plugins\elementor\core\files\base.php(180): Elementor\Core\Files\CSS\Base->parse_content()
#3 C:\xampp\htdocs\CMS\Sendigitour\wp-content\plugins\elementor\core\files\css\base.php(131): Elementor\Core\Files\Base->update_file()
#4 C:\xampp\htdocs\CMS\Sendigitour\wp-content\plugins\elementor\core\files\css\base.php(218): Elementor\Core\Files\CSS\Base->update()
#5 C:\xampp\htdocs\CMS\Sendigitour\wp-content\plugins\elementor\core\files\css\post.php(201): Elementor\Core\Files\CSS\Base->enqueue()
#6 C:\xampp\htdocs\CMS\Sendigitour\wp-content\plugins\elementor\includes\frontend.php(639): Elementor\Core\Files\CSS\Post->enqueue()
#7 C:\xampp\htdocs\CMS\Sendigitour\wp-includes\class-wp-hook.php(303): Elementor\Frontend->enqueue_styles('')
#8 C:\xampp\htdocs\CMS\Sendigitour\wp-includes\class-wp-hook.php(327): WP_Hook->apply_filters(NULL, Array)
#9 C:\xampp\htdocs\CMS\Sendigitour\wp-includes\plugin.php(470): WP_Hook->do_action(Array)
#10 C:\xampp\htdocs\CMS\Sendigitour\wp-includes\script-loader.php(2083): do_action('wp_enqueue_scri...')
#11 C:\xampp\htdocs\CMS\Sendigitour\wp-includes\class-wp-hook.php(303): wp_enqueue_scripts('')
#12 C:\xampp\htdocs\CMS\Sendigitour\wp-includes\class-wp-hook.php(327): WP_Hook->apply_filters(NULL, Array)
#13 C:\xampp\htdocs\CMS\Sendigitour\wp-includes\plugin.php(470): WP_Hook->do_action(Array)
#14 C:\xampp\htdocs\CMS\Sendigitour\wp-includes\general-template.php(3015): do_action('wp_head')
#15 C:\xampp\htdocs\CMS\Sendigitour\wp-content\themes\astra\header.php(26): wp_head()
#16 C:\xampp\htdocs\CMS\Sendigitour\wp-includes\template.php(770): require_once('C:\\xampp\\htdocs...')
#17 C:\xampp\htdocs\CMS\Sendigitour\wp-includes\template.php(716): load_template('C:\\xampp\\htdocs...', true, Array)
#18 C:\xampp\htdocs\CMS\Sendigitour\wp-includes\general-template.php(48): locate_template(Array, true, true, Array)
#19 C:\xampp\htdocs\CMS\Sendigitour\wp-content\themes\astra\page.php(20): get_header()
#20 C:\xampp\htdocs\CMS\Sendigitour\wp-includes\template-loader.php(106): include('C:\\xampp\\htdocs...')
#21 C:\xampp\htdocs\CMS\Sendigitour\wp-blog-header.php(19): require_once('C:\\xampp\\htdocs...')
#22 C:\xampp\htdocs\CMS\Sendigitour\index.php(17): require('C:\\xampp\\htdocs...')
#23 {main}
  thrown dans C:\xampp\htdocs\CMS\Sendigitour\wp-content\plugins\elementor\includes\managers\elements.php à la ligne 70

2022-01-19T13:07:26+00:00 CRITICAL Uncaught TypeError: Elementor\Elements_Manager::create_element_instance(): Argument #1 ($element_data) must be of type array, string given, called in C:\xampp\htdocs\CMS\Sendigitour\wp-content\plugins\elementor\core\files\css\post.php on line 172 and defined in C:\xampp\htdocs\CMS\Sendigitour\wp-content\plugins\elementor\includes\managers\elements.php:70
Stack trace:
#0 C:\xampp\htdocs\CMS\Sendigitour\wp-content\plugins\elementor\core\files\css\post.php(172): Elementor\Elements_Manager->create_element_instance('Array')
#1 C:\xampp\htdocs\CMS\Sendigitour\wp-content\plugins\elementor\core\files\css\base.php(632): Elementor\Core\Files\CSS\Post->render_css()
#2 C:\xampp\htdocs\CMS\Sendigitour\wp-content\plugins\elementor\core\files\base.php(180): Elementor\Core\Files\CSS\Base->parse_content()
#3 C:\xampp\htdocs\CMS\Sendigitour\wp-content\plugins\elementor\core\files\css\base.php(131): Elementor\Core\Files\Base->update_file()
#4 C:\xampp\htdocs\CMS\Sendigitour\wp-content\plugins\elementor\core\files\css\base.php(218): Elementor\Core\Files\CSS\Base->update()
#5 C:\xampp\htdocs\CMS\Sendigitour\wp-content\plugins\elementor\core\files\css\post.php(201): Elementor\Core\Files\CSS\Base->enqueue()
#6 C:\xampp\htdocs\CMS\Sendigitour\wp-content\plugins\elementor\includes\frontend.php(639): Elementor\Core\Files\CSS\Post->enqueue()
#7 C:\xampp\htdocs\CMS\Sendigitour\wp-includes\class-wp-hook.php(303): Elementor\Frontend->enqueue_styles('')
#8 C:\xampp\htdocs\CMS\Sendigitour\wp-includes\class-wp-hook.php(327): WP_Hook->apply_filters(NULL, Array)
#9 C:\xampp\htdocs\CMS\Sendigitour\wp-includes\plugin.php(470): WP_Hook->do_action(Array)
#10 C:\xampp\htdocs\CMS\Sendigitour\wp-includes\script-loader.php(2083): do_action('wp_enqueue_scri...')
#11 C:\xampp\htdocs\CMS\Sendigitour\wp-includes\class-wp-hook.php(303): wp_enqueue_scripts('')
#12 C:\xampp\htdocs\CMS\Sendigitour\wp-includes\class-wp-hook.php(327): WP_Hook->apply_filters(NULL, Array)
#13 C:\xampp\htdocs\CMS\Sendigitour\wp-includes\plugin.php(470): WP_Hook->do_action(Array)
#14 C:\xampp\htdocs\CMS\Sendigitour\wp-includes\general-template.php(3015): do_action('wp_head')
#15 C:\xampp\htdocs\CMS\Sendigitour\wp-content\themes\astra\header.php(26): wp_head()
#16 C:\xampp\htdocs\CMS\Sendigitour\wp-includes\template.php(770): require_once('C:\\xampp\\htdocs...')
#17 C:\xampp\htdocs\CMS\Sendigitour\wp-includes\template.php(716): load_template('C:\\xampp\\htdocs...', true, Array)
#18 C:\xampp\htdocs\CMS\Sendigitour\wp-includes\general-template.php(48): locate_template(Array, true, true, Array)
#19 C:\xampp\htdocs\CMS\Sendigitour\wp-content\plugins\elementor\modules\page-templates\templates\header-footer.php(9): get_header()
#20 C:\xampp\htdocs\CMS\Sendigitour\wp-includes\template-loader.php(106): include('C:\\xampp\\htdocs...')
#21 C:\xampp\htdocs\CMS\Sendigitour\wp-blog-header.php(19): require_once('C:\\xampp\\htdocs...')
#22 C:\xampp\htdocs\CMS\Sendigitour\index.php(17): require('C:\\xampp\\htdocs...')
#23 {main}
  thrown dans C:\xampp\htdocs\CMS\Sendigitour\wp-content\plugins\elementor\includes\managers\elements.php à la ligne 70

2022-01-19T13:07:37+00:00 CRITICAL Uncaught TypeError: Elementor\Elements_Manager::create_element_instance(): Argument #1 ($element_data) must be of type array, string given, called in C:\xampp\htdocs\CMS\Sendigitour\wp-content\plugins\elementor\core\files\css\post.php on line 172 and defined in C:\xampp\htdocs\CMS\Sendigitour\wp-content\plugins\elementor\includes\managers\elements.php:70
Stack trace:
#0 C:\xampp\htdocs\CMS\Sendigitour\wp-content\plugins\elementor\core\files\css\post.php(172): Elementor\Elements_Manager->create_element_instance('Array')
#1 C:\xampp\htdocs\CMS\Sendigitour\wp-content\plugins\elementor\core\files\css\base.php(632): Elementor\Core\Files\CSS\Post->render_css()
#2 C:\xampp\htdocs\CMS\Sendigitour\wp-content\plugins\elementor\core\files\base.php(180): Elementor\Core\Files\CSS\Base->parse_content()
#3 C:\xampp\htdocs\CMS\Sendigitour\wp-content\plugins\elementor\core\files\css\base.php(131): Elementor\Core\Files\Base->update_file()
#4 C:\xampp\htdocs\CMS\Sendigitour\wp-content\plugins\elementor\core\files\css\base.php(218): Elementor\Core\Files\CSS\Base->update()
#5 C:\xampp\htdocs\CMS\Sendigitour\wp-content\plugins\elementor\core\files\css\post.php(201): Elementor\Core\Files\CSS\Base->enqueue()
#6 C:\xampp\htdocs\CMS\Sendigitour\wp-content\plugins\elementor\includes\frontend.php(639): Elementor\Core\Files\CSS\Post->enqueue()
#7 C:\xampp\htdocs\CMS\Sendigitour\wp-includes\class-wp-hook.php(303): Elementor\Frontend->enqueue_styles('')
#8 C:\xampp\htdocs\CMS\Sendigitour\wp-includes\class-wp-hook.php(327): WP_Hook->apply_filters(NULL, Array)
#9 C:\xampp\htdocs\CMS\Sendigitour\wp-includes\plugin.php(470): WP_Hook->do_action(Array)
#10 C:\xampp\htdocs\CMS\Sendigitour\wp-includes\script-loader.php(2083): do_action('wp_enqueue_scri...')
#11 C:\xampp\htdocs\CMS\Sendigitour\wp-includes\class-wp-hook.php(303): wp_enqueue_scripts('')
#12 C:\xampp\htdocs\CMS\Sendigitour\wp-includes\class-wp-hook.php(327): WP_Hook->apply_filters(NULL, Array)
#13 C:\xampp\htdocs\CMS\Sendigitour\wp-includes\plugin.php(470): WP_Hook->do_action(Array)
#14 C:\xampp\htdocs\CMS\Sendigitour\wp-includes\general-template.php(3015): do_action('wp_head')
#15 C:\xampp\htdocs\CMS\Sendigitour\wp-content\themes\astra\header.php(26): wp_head()
#16 C:\xampp\htdocs\CMS\Sendigitour\wp-includes\template.php(770): require_once('C:\\xampp\\htdocs...')
#17 C:\xampp\htdocs\CMS\Sendigitour\wp-includes\template.php(716): load_template('C:\\xampp\\htdocs...', true, Array)
#18 C:\xampp\htdocs\CMS\Sendigitour\wp-includes\general-template.php(48): locate_template(Array, true, true, Array)
#19 C:\xampp\htdocs\CMS\Sendigitour\wp-content\themes\astra\page.php(20): get_header()
#20 C:\xampp\htdocs\CMS\Sendigitour\wp-includes\template-loader.php(106): include('C:\\xampp\\htdocs...')
#21 C:\xampp\htdocs\CMS\Sendigitour\wp-blog-header.php(19): require_once('C:\\xampp\\htdocs...')
#22 C:\xampp\htdocs\CMS\Sendigitour\index.php(17): require('C:\\xampp\\htdocs...')
#23 {main}
  thrown dans C:\xampp\htdocs\CMS\Sendigitour\wp-content\plugins\elementor\includes\managers\elements.php à la ligne 70

2022-01-19T13:07:53+00:00 CRITICAL Uncaught TypeError: Elementor\Elements_Manager::create_element_instance(): Argument #1 ($element_data) must be of type array, string given, called in C:\xampp\htdocs\CMS\Sendigitour\wp-content\plugins\elementor\core\files\css\post.php on line 172 and defined in C:\xampp\htdocs\CMS\Sendigitour\wp-content\plugins\elementor\includes\managers\elements.php:70
Stack trace:
#0 C:\xampp\htdocs\CMS\Sendigitour\wp-content\plugins\elementor\core\files\css\post.php(172): Elementor\Elements_Manager->create_element_instance('Array')
#1 C:\xampp\htdocs\CMS\Sendigitour\wp-content\plugins\elementor\core\files\css\base.php(632): Elementor\Core\Files\CSS\Post->render_css()
#2 C:\xampp\htdocs\CMS\Sendigitour\wp-content\plugins\elementor\core\files\base.php(180): Elementor\Core\Files\CSS\Base->parse_content()
#3 C:\xampp\htdocs\CMS\Sendigitour\wp-content\plugins\elementor\core\files\css\base.php(131): Elementor\Core\Files\Base->update_file()
#4 C:\xampp\htdocs\CMS\Sendigitour\wp-content\plugins\elementor\core\files\css\base.php(218): Elementor\Core\Files\CSS\Base->update()
#5 C:\xampp\htdocs\CMS\Sendigitour\wp-content\plugins\elementor\core\files\css\post.php(201): Elementor\Core\Files\CSS\Base->enqueue()
#6 C:\xampp\htdocs\CMS\Sendigitour\wp-content\plugins\elementor\includes\frontend.php(639): Elementor\Core\Files\CSS\Post->enqueue()
#7 C:\xampp\htdocs\CMS\Sendigitour\wp-includes\class-wp-hook.php(303): Elementor\Frontend->enqueue_styles('')
#8 C:\xampp\htdocs\CMS\Sendigitour\wp-includes\class-wp-hook.php(327): WP_Hook->apply_filters(NULL, Array)
#9 C:\xampp\htdocs\CMS\Sendigitour\wp-includes\plugin.php(470): WP_Hook->do_action(Array)
#10 C:\xampp\htdocs\CMS\Sendigitour\wp-includes\script-loader.php(2083): do_action('wp_enqueue_scri...')
#11 C:\xampp\htdocs\CMS\Sendigitour\wp-includes\class-wp-hook.php(303): wp_enqueue_scripts('')
#12 C:\xampp\htdocs\CMS\Sendigitour\wp-includes\class-wp-hook.php(327): WP_Hook->apply_filters(NULL, Array)
#13 C:\xampp\htdocs\CMS\Sendigitour\wp-includes\plugin.php(470): WP_Hook->do_action(Array)
#14 C:\xampp\htdocs\CMS\Sendigitour\wp-includes\general-template.php(3015): do_action('wp_head')
#15 C:\xampp\htdocs\CMS\Sendigitour\wp-content\themes\astra\header.php(26): wp_head()
#16 C:\xampp\htdocs\CMS\Sendigitour\wp-includes\template.php(770): require_once('C:\\xampp\\htdocs...')
#17 C:\xampp\htdocs\CMS\Sendigitour\wp-includes\template.php(716): load_template('C:\\xampp\\htdocs...', true, Array)
#18 C:\xampp\htdocs\CMS\Sendigitour\wp-includes\general-template.php(48): locate_template(Array, true, true, Array)
#19 C:\xampp\htdocs\CMS\Sendigitour\wp-content\themes\astra\page.php(20): get_header()
#20 C:\xampp\htdocs\CMS\Sendigitour\wp-includes\template-loader.php(106): include('C:\\xampp\\htdocs...')
#21 C:\xampp\htdocs\CMS\Sendigitour\wp-blog-header.php(19): require_once('C:\\xampp\\htdocs...')
#22 C:\xampp\htdocs\CMS\Sendigitour\index.php(17): require('C:\\xampp\\htdocs...')
#23 {main}
  thrown dans C:\xampp\htdocs\CMS\Sendigitour\wp-content\plugins\elementor\includes\managers\elements.php à la ligne 70

2022-01-19T13:09:07+00:00 CRITICAL Uncaught TypeError: Elementor\Elements_Manager::create_element_instance(): Argument #1 ($element_data) must be of type array, string given, called in C:\xampp\htdocs\CMS\Sendigitour\wp-content\plugins\elementor\core\files\css\post.php on line 172 and defined in C:\xampp\htdocs\CMS\Sendigitour\wp-content\plugins\elementor\includes\managers\elements.php:70
Stack trace:
#0 C:\xampp\htdocs\CMS\Sendigitour\wp-content\plugins\elementor\core\files\css\post.php(172): Elementor\Elements_Manager->create_element_instance('Array')
#1 C:\xampp\htdocs\CMS\Sendigitour\wp-content\plugins\elementor\core\files\css\base.php(632): Elementor\Core\Files\CSS\Post->render_css()
#2 C:\xampp\htdocs\CMS\Sendigitour\wp-content\plugins\elementor\core\files\base.php(180): Elementor\Core\Files\CSS\Base->parse_content()
#3 C:\xampp\htdocs\CMS\Sendigitour\wp-content\plugins\elementor\core\files\css\base.php(131): Elementor\Core\Files\Base->update_file()
#4 C:\xampp\htdocs\CMS\Sendigitour\wp-content\plugins\elementor\core\files\css\base.php(218): Elementor\Core\Files\CSS\Base->update()
#5 C:\xampp\htdocs\CMS\Sendigitour\wp-content\plugins\elementor\core\files\css\post.php(201): Elementor\Core\Files\CSS\Base->enqueue()
#6 C:\xampp\htdocs\CMS\Sendigitour\wp-content\plugins\elementor\includes\frontend.php(639): Elementor\Core\Files\CSS\Post->enqueue()
#7 C:\xampp\htdocs\CMS\Sendigitour\wp-includes\class-wp-hook.php(303): Elementor\Frontend->enqueue_styles('')
#8 C:\xampp\htdocs\CMS\Sendigitour\wp-includes\class-wp-hook.php(327): WP_Hook->apply_filters(NULL, Array)
#9 C:\xampp\htdocs\CMS\Sendigitour\wp-includes\plugin.php(470): WP_Hook->do_action(Array)
#10 C:\xampp\htdocs\CMS\Sendigitour\wp-includes\script-loader.php(2083): do_action('wp_enqueue_scri...')
#11 C:\xampp\htdocs\CMS\Sendigitour\wp-includes\class-wp-hook.php(303): wp_enqueue_scripts('')
#12 C:\xampp\htdocs\CMS\Sendigitour\wp-includes\class-wp-hook.php(327): WP_Hook->apply_filters(NULL, Array)
#13 C:\xampp\htdocs\CMS\Sendigitour\wp-includes\plugin.php(470): WP_Hook->do_action(Array)
#14 C:\xampp\htdocs\CMS\Sendigitour\wp-includes\general-template.php(3015): do_action('wp_head')
#15 C:\xampp\htdocs\CMS\Sendigitour\wp-content\themes\astra\header.php(26): wp_head()
#16 C:\xampp\htdocs\CMS\Sendigitour\wp-includes\template.php(770): require_once('C:\\xampp\\htdocs...')
#17 C:\xampp\htdocs\CMS\Sendigitour\wp-includes\template.php(716): load_template('C:\\xampp\\htdocs...', true, Array)
#18 C:\xampp\htdocs\CMS\Sendigitour\wp-includes\general-template.php(48): locate_template(Array, true, true, Array)
#19 C:\xampp\htdocs\CMS\Sendigitour\wp-content\themes\astra\page.php(20): get_header()
#20 C:\xampp\htdocs\CMS\Sendigitour\wp-includes\template-loader.php(106): include('C:\\xampp\\htdocs...')
#21 C:\xampp\htdocs\CMS\Sendigitour\wp-blog-header.php(19): require_once('C:\\xampp\\htdocs...')
#22 C:\xampp\htdocs\CMS\Sendigitour\index.php(17): require('C:\\xampp\\htdocs...')
#23 {main}
  thrown dans C:\xampp\htdocs\CMS\Sendigitour\wp-content\plugins\elementor\includes\managers\elements.php à la ligne 70

2022-01-19T13:10:26+00:00 CRITICAL Uncaught TypeError: Elementor\Elements_Manager::create_element_instance(): Argument #1 ($element_data) must be of type array, string given, called in C:\xampp\htdocs\CMS\Sendigitour\wp-content\plugins\elementor\core\files\css\post.php on line 172 and defined in C:\xampp\htdocs\CMS\Sendigitour\wp-content\plugins\elementor\includes\managers\elements.php:70
Stack trace:
#0 C:\xampp\htdocs\CMS\Sendigitour\wp-content\plugins\elementor\core\files\css\post.php(172): Elementor\Elements_Manager->create_element_instance('Array')
#1 C:\xampp\htdocs\CMS\Sendigitour\wp-content\plugins\elementor\core\files\css\base.php(632): Elementor\Core\Files\CSS\Post->render_css()
#2 C:\xampp\htdocs\CMS\Sendigitour\wp-content\plugins\elementor\core\files\base.php(180): Elementor\Core\Files\CSS\Base->parse_content()
#3 C:\xampp\htdocs\CMS\Sendigitour\wp-content\plugins\elementor\core\files\css\base.php(131): Elementor\Core\Files\Base->update_file()
#4 C:\xampp\htdocs\CMS\Sendigitour\wp-content\plugins\elementor\core\files\css\base.php(218): Elementor\Core\Files\CSS\Base->update()
#5 C:\xampp\htdocs\CMS\Sendigitour\wp-content\plugins\elementor\core\files\css\post.php(201): Elementor\Core\Files\CSS\Base->enqueue()
#6 C:\xampp\htdocs\CMS\Sendigitour\wp-content\plugins\elementor\includes\frontend.php(639): Elementor\Core\Files\CSS\Post->enqueue()
#7 C:\xampp\htdocs\CMS\Sendigitour\wp-includes\class-wp-hook.php(303): Elementor\Frontend->enqueue_styles('')
#8 C:\xampp\htdocs\CMS\Sendigitour\wp-includes\class-wp-hook.php(327): WP_Hook->apply_filters(NULL, Array)
#9 C:\xampp\htdocs\CMS\Sendigitour\wp-includes\plugin.php(470): WP_Hook->do_action(Array)
#10 C:\xampp\htdocs\CMS\Sendigitour\wp-includes\script-loader.php(2083): do_action('wp_enqueue_scri...')
#11 C:\xampp\htdocs\CMS\Sendigitour\wp-includes\class-wp-hook.php(303): wp_enqueue_scripts('')
#12 C:\xampp\htdocs\CMS\Sendigitour\wp-includes\class-wp-hook.php(327): WP_Hook->apply_filters(NULL, Array)
#13 C:\xampp\htdocs\CMS\Sendigitour\wp-includes\plugin.php(470): WP_Hook->do_action(Array)
#14 C:\xampp\htdocs\CMS\Sendigitour\wp-includes\general-template.php(3015): do_action('wp_head')
#15 C:\xampp\htdocs\CMS\Sendigitour\wp-content\themes\astra\header.php(26): wp_head()
#16 C:\xampp\htdocs\CMS\Sendigitour\wp-includes\template.php(770): require_once('C:\\xampp\\htdocs...')
#17 C:\xampp\htdocs\CMS\Sendigitour\wp-includes\template.php(716): load_template('C:\\xampp\\htdocs...', true, Array)
#18 C:\xampp\htdocs\CMS\Sendigitour\wp-includes\general-template.php(48): locate_template(Array, true, true, Array)
#19 C:\xampp\htdocs\CMS\Sendigitour\wp-content\themes\astra\page.php(20): get_header()
#20 C:\xampp\htdocs\CMS\Sendigitour\wp-includes\template-loader.php(106): include('C:\\xampp\\htdocs...')
#21 C:\xampp\htdocs\CMS\Sendigitour\wp-blog-header.php(19): require_once('C:\\xampp\\htdocs...')
#22 C:\xampp\htdocs\CMS\Sendigitour\index.php(17): require('C:\\xampp\\htdocs...')
#23 {main}
  thrown dans C:\xampp\htdocs\CMS\Sendigitour\wp-content\plugins\elementor\includes\managers\elements.php à la ligne 70

2022-01-19T13:12:17+00:00 CRITICAL Uncaught TypeError: Elementor\Elements_Manager::create_element_instance(): Argument #1 ($element_data) must be of type array, string given, called in C:\xampp\htdocs\CMS\Sendigitour\wp-content\plugins\elementor\core\files\css\post.php on line 172 and defined in C:\xampp\htdocs\CMS\Sendigitour\wp-content\plugins\elementor\includes\managers\elements.php:70
Stack trace:
#0 C:\xampp\htdocs\CMS\Sendigitour\wp-content\plugins\elementor\core\files\css\post.php(172): Elementor\Elements_Manager->create_element_instance('Array')
#1 C:\xampp\htdocs\CMS\Sendigitour\wp-content\plugins\elementor\core\files\css\base.php(632): Elementor\Core\Files\CSS\Post->render_css()
#2 C:\xampp\htdocs\CMS\Sendigitour\wp-content\plugins\elementor\core\files\base.php(180): Elementor\Core\Files\CSS\Base->parse_content()
#3 C:\xampp\htdocs\CMS\Sendigitour\wp-content\plugins\elementor\core\files\css\base.php(131): Elementor\Core\Files\Base->update_file()
#4 C:\xampp\htdocs\CMS\Sendigitour\wp-content\plugins\elementor\core\files\css\base.php(218): Elementor\Core\Files\CSS\Base->update()
#5 C:\xampp\htdocs\CMS\Sendigitour\wp-content\plugins\elementor\core\files\css\post.php(201): Elementor\Core\Files\CSS\Base->enqueue()
#6 C:\xampp\htdocs\CMS\Sendigitour\wp-content\plugins\elementor\includes\frontend.php(639): Elementor\Core\Files\CSS\Post->enqueue()
#7 C:\xampp\htdocs\CMS\Sendigitour\wp-includes\class-wp-hook.php(303): Elementor\Frontend->enqueue_styles('')
#8 C:\xampp\htdocs\CMS\Sendigitour\wp-includes\class-wp-hook.php(327): WP_Hook->apply_filters(NULL, Array)
#9 C:\xampp\htdocs\CMS\Sendigitour\wp-includes\plugin.php(470): WP_Hook->do_action(Array)
#10 C:\xampp\htdocs\CMS\Sendigitour\wp-includes\script-loader.php(2083): do_action('wp_enqueue_scri...')
#11 C:\xampp\htdocs\CMS\Sendigitour\wp-includes\class-wp-hook.php(303): wp_enqueue_scripts('')
#12 C:\xampp\htdocs\CMS\Sendigitour\wp-includes\class-wp-hook.php(327): WP_Hook->apply_filters(NULL, Array)
#13 C:\xampp\htdocs\CMS\Sendigitour\wp-includes\plugin.php(470): WP_Hook->do_action(Array)
#14 C:\xampp\htdocs\CMS\Sendigitour\wp-includes\general-template.php(3015): do_action('wp_head')
#15 C:\xampp\htdocs\CMS\Sendigitour\wp-content\themes\astra\header.php(26): wp_head()
#16 C:\xampp\htdocs\CMS\Sendigitour\wp-includes\template.php(770): require_once('C:\\xampp\\htdocs...')
#17 C:\xampp\htdocs\CMS\Sendigitour\wp-includes\template.php(716): load_template('C:\\xampp\\htdocs...', true, Array)
#18 C:\xampp\htdocs\CMS\Sendigitour\wp-includes\general-template.php(48): locate_template(Array, true, true, Array)
#19 C:\xampp\htdocs\CMS\Sendigitour\wp-content\themes\astra\page.php(20): get_header()
#20 C:\xampp\htdocs\CMS\Sendigitour\wp-includes\template-loader.php(106): include('C:\\xampp\\htdocs...')
#21 C:\xampp\htdocs\CMS\Sendigitour\wp-blog-header.php(19): require_once('C:\\xampp\\htdocs...')
#22 C:\xampp\htdocs\CMS\Sendigitour\index.php(17): require('C:\\xampp\\htdocs...')
#23 {main}
  thrown dans C:\xampp\htdocs\CMS\Sendigitour\wp-content\plugins\elementor\includes\managers\elements.php à la ligne 70

2022-01-19T13:13:51+00:00 CRITICAL Uncaught TypeError: Elementor\Elements_Manager::create_element_instance(): Argument #1 ($element_data) must be of type array, string given, called in C:\xampp\htdocs\CMS\Sendigitour\wp-content\plugins\elementor\core\files\css\post.php on line 172 and defined in C:\xampp\htdocs\CMS\Sendigitour\wp-content\plugins\elementor\includes\managers\elements.php:70
Stack trace:
#0 C:\xampp\htdocs\CMS\Sendigitour\wp-content\plugins\elementor\core\files\css\post.php(172): Elementor\Elements_Manager->create_element_instance('Array')
#1 C:\xampp\htdocs\CMS\Sendigitour\wp-content\plugins\elementor\core\files\css\base.php(632): Elementor\Core\Files\CSS\Post->render_css()
#2 C:\xampp\htdocs\CMS\Sendigitour\wp-content\plugins\elementor\core\files\base.php(180): Elementor\Core\Files\CSS\Base->parse_content()
#3 C:\xampp\htdocs\CMS\Sendigitour\wp-content\plugins\elementor\core\files\css\base.php(131): Elementor\Core\Files\Base->update_file()
#4 C:\xampp\htdocs\CMS\Sendigitour\wp-content\plugins\elementor\core\files\css\base.php(218): Elementor\Core\Files\CSS\Base->update()
#5 C:\xampp\htdocs\CMS\Sendigitour\wp-content\plugins\elementor\core\files\css\post.php(201): Elementor\Core\Files\CSS\Base->enqueue()
#6 C:\xampp\htdocs\CMS\Sendigitour\wp-content\plugins\elementor\includes\frontend.php(639): Elementor\Core\Files\CSS\Post->enqueue()
#7 C:\xampp\htdocs\CMS\Sendigitour\wp-includes\class-wp-hook.php(303): Elementor\Frontend->enqueue_styles('')
#8 C:\xampp\htdocs\CMS\Sendigitour\wp-includes\class-wp-hook.php(327): WP_Hook->apply_filters(NULL, Array)
#9 C:\xampp\htdocs\CMS\Sendigitour\wp-includes\plugin.php(470): WP_Hook->do_action(Array)
#10 C:\xampp\htdocs\CMS\Sendigitour\wp-includes\script-loader.php(2083): do_action('wp_enqueue_scri...')
#11 C:\xampp\htdocs\CMS\Sendigitour\wp-includes\class-wp-hook.php(303): wp_enqueue_scripts('')
#12 C:\xampp\htdocs\CMS\Sendigitour\wp-includes\class-wp-hook.php(327): WP_Hook->apply_filters(NULL, Array)
#13 C:\xampp\htdocs\CMS\Sendigitour\wp-includes\plugin.php(470): WP_Hook->do_action(Array)
#14 C:\xampp\htdocs\CMS\Sendigitour\wp-includes\general-template.php(3015): do_action('wp_head')
#15 C:\xampp\htdocs\CMS\Sendigitour\wp-content\themes\astra\header.php(26): wp_head()
#16 C:\xampp\htdocs\CMS\Sendigitour\wp-includes\template.php(770): require_once('C:\\xampp\\htdocs...')
#17 C:\xampp\htdocs\CMS\Sendigitour\wp-includes\template.php(716): load_template('C:\\xampp\\htdocs...', true, Array)
#18 C:\xampp\htdocs\CMS\Sendigitour\wp-includes\general-template.php(48): locate_template(Array, true, true, Array)
#19 C:\xampp\htdocs\CMS\Sendigitour\wp-content\themes\astra\page.php(20): get_header()
#20 C:\xampp\htdocs\CMS\Sendigitour\wp-includes\template-loader.php(106): include('C:\\xampp\\htdocs...')
#21 C:\xampp\htdocs\CMS\Sendigitour\wp-blog-header.php(19): require_once('C:\\xampp\\htdocs...')
#22 C:\xampp\htdocs\CMS\Sendigitour\index.php(17): require('C:\\xampp\\htdocs...')
#23 {main}
  thrown dans C:\xampp\htdocs\CMS\Sendigitour\wp-content\plugins\elementor\includes\managers\elements.php à la ligne 70

2022-01-19T13:13:59+00:00 CRITICAL Uncaught TypeError: Elementor\Elements_Manager::create_element_instance(): Argument #1 ($element_data) must be of type array, string given, called in C:\xampp\htdocs\CMS\Sendigitour\wp-content\plugins\elementor\core\files\css\post.php on line 172 and defined in C:\xampp\htdocs\CMS\Sendigitour\wp-content\plugins\elementor\includes\managers\elements.php:70
Stack trace:
#0 C:\xampp\htdocs\CMS\Sendigitour\wp-content\plugins\elementor\core\files\css\post.php(172): Elementor\Elements_Manager->create_element_instance('Array')
#1 C:\xampp\htdocs\CMS\Sendigitour\wp-content\plugins\elementor\core\files\css\base.php(632): Elementor\Core\Files\CSS\Post->render_css()
#2 C:\xampp\htdocs\CMS\Sendigitour\wp-content\plugins\elementor\core\files\base.php(180): Elementor\Core\Files\CSS\Base->parse_content()
#3 C:\xampp\htdocs\CMS\Sendigitour\wp-content\plugins\elementor\core\files\css\base.php(131): Elementor\Core\Files\Base->update_file()
#4 C:\xampp\htdocs\CMS\Sendigitour\wp-content\plugins\elementor\core\files\css\base.php(218): Elementor\Core\Files\CSS\Base->update()
#5 C:\xampp\htdocs\CMS\Sendigitour\wp-content\plugins\elementor\core\files\css\post.php(201): Elementor\Core\Files\CSS\Base->enqueue()
#6 C:\xampp\htdocs\CMS\Sendigitour\wp-content\plugins\elementor\includes\frontend.php(1078): Elementor\Core\Files\CSS\Post->enqueue()
#7 C:\xampp\htdocs\CMS\Sendigitour\wp-content\plugins\elementor\includes\frontend.php(1006): Elementor\Frontend->get_builder_content(1070)
#8 C:\xampp\htdocs\CMS\Sendigitour\wp-includes\class-wp-hook.php(303): Elementor\Frontend->apply_builder_in_content('<style>/*! elem...')
#9 C:\xampp\htdocs\CMS\Sendigitour\wp-includes\plugin.php(189): WP_Hook->apply_filters('<style>/*! elem...', Array)
#10 C:\xampp\htdocs\CMS\Sendigitour\wp-includes\post-template.php(253): apply_filters('the_content', '<style>/*! elem...')
#11 C:\xampp\htdocs\CMS\Sendigitour\wp-content\themes\astra\template-parts\content-page.php(54): the_content()
#12 C:\xampp\htdocs\CMS\Sendigitour\wp-includes\template.php(772): require('C:\\xampp\\htdocs...')
#13 C:\xampp\htdocs\CMS\Sendigitour\wp-includes\template.php(716): load_template('C:\\xampp\\htdocs...', false, Array)
#14 C:\xampp\htdocs\CMS\Sendigitour\wp-includes\general-template.php(204): locate_template(Array, true, false, Array)
#15 C:\xampp\htdocs\CMS\Sendigitour\wp-content\themes\astra\inc\class-astra-loop.php(109): get_template_part('template-parts/...', 'page')
#16 C:\xampp\htdocs\CMS\Sendigitour\wp-includes\class-wp-hook.php(303): Astra_Loop->template_parts_page('')
#17 C:\xampp\htdocs\CMS\Sendigitour\wp-includes\class-wp-hook.php(327): WP_Hook->apply_filters('', Array)
#18 C:\xampp\htdocs\CMS\Sendigitour\wp-includes\plugin.php(470): WP_Hook->do_action(Array)
#19 C:\xampp\htdocs\CMS\Sendigitour\wp-content\themes\astra\inc\class-astra-loop.php(197): do_action('astra_page_temp...')
#20 C:\xampp\htdocs\CMS\Sendigitour\wp-content\themes\astra\inc\class-astra-loop.php(174): Astra_Loop->loop_markup(true)
#21 C:\xampp\htdocs\CMS\Sendigitour\wp-includes\class-wp-hook.php(303): Astra_Loop->loop_markup_page('')
#22 C:\xampp\htdocs\CMS\Sendigitour\wp-includes\class-wp-hook.php(327): WP_Hook->apply_filters('', Array)
#23 C:\xampp\htdocs\CMS\Sendigitour\wp-includes\plugin.php(470): WP_Hook->do_action(Array)
#24 C:\xampp\htdocs\CMS\Sendigitour\wp-content\themes\astra\inc\core\theme-hooks.php(267): do_action('astra_content_p...')
#25 C:\xampp\htdocs\CMS\Sendigitour\wp-content\themes\astra\page.php(32): astra_content_page_loop()
#26 C:\xampp\htdocs\CMS\Sendigitour\wp-includes\template-loader.php(106): include('C:\\xampp\\htdocs...')
#27 C:\xampp\htdocs\CMS\Sendigitour\wp-blog-header.php(19): require_once('C:\\xampp\\htdocs...')
#28 C:\xampp\htdocs\CMS\Sendigitour\index.php(17): require('C:\\xampp\\htdocs...')
#29 {main}
  thrown dans C:\xampp\htdocs\CMS\Sendigitour\wp-content\plugins\elementor\includes\managers\elements.php à la ligne 70

2022-01-19T13:17:47+00:00 CRITICAL Uncaught TypeError: Elementor\Elements_Manager::create_element_instance(): Argument #1 ($element_data) must be of type array, string given, called in C:\xampp\htdocs\CMS\Sendigitour\wp-content\plugins\elementor\core\files\css\post.php on line 172 and defined in C:\xampp\htdocs\CMS\Sendigitour\wp-content\plugins\elementor\includes\managers\elements.php:70
Stack trace:
#0 C:\xampp\htdocs\CMS\Sendigitour\wp-content\plugins\elementor\core\files\css\post.php(172): Elementor\Elements_Manager->create_element_instance('Array')
#1 C:\xampp\htdocs\CMS\Sendigitour\wp-content\plugins\elementor\core\files\css\base.php(632): Elementor\Core\Files\CSS\Post->render_css()
#2 C:\xampp\htdocs\CMS\Sendigitour\wp-content\plugins\elementor\core\files\base.php(180): Elementor\Core\Files\CSS\Base->parse_content()
#3 C:\xampp\htdocs\CMS\Sendigitour\wp-content\plugins\elementor\core\files\css\base.php(131): Elementor\Core\Files\Base->update_file()
#4 C:\xampp\htdocs\CMS\Sendigitour\wp-content\plugins\elementor\core\files\css\base.php(218): Elementor\Core\Files\CSS\Base->update()
#5 C:\xampp\htdocs\CMS\Sendigitour\wp-content\plugins\elementor\core\files\css\post.php(201): Elementor\Core\Files\CSS\Base->enqueue()
#6 C:\xampp\htdocs\CMS\Sendigitour\wp-content\plugins\elementor\includes\frontend.php(1078): Elementor\Core\Files\CSS\Post->enqueue()
#7 C:\xampp\htdocs\CMS\Sendigitour\wp-content\plugins\elementor\includes\frontend.php(1006): Elementor\Frontend->get_builder_content(1070)
#8 C:\xampp\htdocs\CMS\Sendigitour\wp-includes\class-wp-hook.php(303): Elementor\Frontend->apply_builder_in_content('<style>/*! elem...')
#9 C:\xampp\htdocs\CMS\Sendigitour\wp-includes\plugin.php(189): WP_Hook->apply_filters('<style>/*! elem...', Array)
#10 C:\xampp\htdocs\CMS\Sendigitour\wp-includes\rest-api\endpoints\class-wp-rest-posts-controller.php(1792): apply_filters('the_content', '<style>/*! elem...')
#11 C:\xampp\htdocs\CMS\Sendigitour\wp-includes\rest-api\endpoints\class-wp-rest-posts-controller.php(550): WP_REST_Posts_Controller->prepare_item_for_response(Object(WP_Post), Object(WP_REST_Request))
#12 C:\xampp\htdocs\CMS\Sendigitour\wp-includes\rest-api\class-wp-rest-server.php(1140): WP_REST_Posts_Controller->get_item(Object(WP_REST_Request))
#13 C:\xampp\htdocs\CMS\Sendigitour\wp-includes\rest-api\class-wp-rest-server.php(987): WP_REST_Server->respond_to_request(Object(WP_REST_Request), '/wp/v2/pages/(?...', Array, NULL)
#14 C:\xampp\htdocs\CMS\Sendigitour\wp-includes\rest-api\class-wp-rest-server.php(414): WP_REST_Server->dispatch(Object(WP_REST_Request))
#15 C:\xampp\htdocs\CMS\Sendigitour\wp-includes\rest-api.php(370): WP_REST_Server->serve_request('/wp/v2/pages/10...')
#16 C:\xampp\htdocs\CMS\Sendigitour\wp-includes\class-wp-hook.php(303): rest_api_loaded(Object(WP))
#17 C:\xampp\htdocs\CMS\Sendigitour\wp-includes\class-wp-hook.php(327): WP_Hook->apply_filters(NULL, Array)
#18 C:\xampp\htdocs\CMS\Sendigitour\wp-includes\plugin.php(518): WP_Hook->do_action(Array)
#19 C:\xampp\htdocs\CMS\Sendigitour\wp-includes\class-wp.php(388): do_action_ref_array('parse_request', Array)
#20 C:\xampp\htdocs\CMS\Sendigitour\wp-includes\class-wp.php(750): WP->parse_request('')
#21 C:\xampp\htdocs\CMS\Sendigitour\wp-includes\functions.php(1291): WP->main('')
#22 C:\xampp\htdocs\CMS\Sendigitour\wp-blog-header.php(16): wp()
#23 C:\xampp\htdocs\CMS\Sendigitour\index.php(17): require('C:\\xampp\\htdocs...')
#24 {main}
  thrown dans C:\xampp\htdocs\CMS\Sendigitour\wp-content\plugins\elementor\includes\managers\elements.php à la ligne 70

2022-01-19T13:18:41+00:00 CRITICAL Uncaught TypeError: Elementor\Elements_Manager::create_element_instance(): Argument #1 ($element_data) must be of type array, string given, called in C:\xampp\htdocs\CMS\Sendigitour\wp-content\plugins\elementor\core\files\css\post.php on line 172 and defined in C:\xampp\htdocs\CMS\Sendigitour\wp-content\plugins\elementor\includes\managers\elements.php:70
Stack trace:
#0 C:\xampp\htdocs\CMS\Sendigitour\wp-content\plugins\elementor\core\files\css\post.php(172): Elementor\Elements_Manager->create_element_instance('Array')
#1 C:\xampp\htdocs\CMS\Sendigitour\wp-content\plugins\elementor\core\files\css\base.php(632): Elementor\Core\Files\CSS\Post->render_css()
#2 C:\xampp\htdocs\CMS\Sendigitour\wp-content\plugins\elementor\core\files\base.php(180): Elementor\Core\Files\CSS\Base->parse_content()
#3 C:\xampp\htdocs\CMS\Sendigitour\wp-content\plugins\elementor\core\files\css\base.php(131): Elementor\Core\Files\Base->update_file()
#4 C:\xampp\htdocs\CMS\Sendigitour\wp-content\plugins\elementor\core\files\css\base.php(218): Elementor\Core\Files\CSS\Base->update()
#5 C:\xampp\htdocs\CMS\Sendigitour\wp-content\plugins\elementor\core\files\css\post.php(201): Elementor\Core\Files\CSS\Base->enqueue()
#6 C:\xampp\htdocs\CMS\Sendigitour\wp-content\plugins\elementor\includes\frontend.php(639): Elementor\Core\Files\CSS\Post->enqueue()
#7 C:\xampp\htdocs\CMS\Sendigitour\wp-includes\class-wp-hook.php(303): Elementor\Frontend->enqueue_styles('')
#8 C:\xampp\htdocs\CMS\Sendigitour\wp-includes\class-wp-hook.php(327): WP_Hook->apply_filters(NULL, Array)
#9 C:\xampp\htdocs\CMS\Sendigitour\wp-includes\plugin.php(470): WP_Hook->do_action(Array)
#10 C:\xampp\htdocs\CMS\Sendigitour\wp-includes\script-loader.php(2083): do_action('wp_enqueue_scri...')
#11 C:\xampp\htdocs\CMS\Sendigitour\wp-includes\class-wp-hook.php(303): wp_enqueue_scripts('')
#12 C:\xampp\htdocs\CMS\Sendigitour\wp-includes\class-wp-hook.php(327): WP_Hook->apply_filters(NULL, Array)
#13 C:\xampp\htdocs\CMS\Sendigitour\wp-includes\plugin.php(470): WP_Hook->do_action(Array)
#14 C:\xampp\htdocs\CMS\Sendigitour\wp-includes\general-template.php(3015): do_action('wp_head')
#15 C:\xampp\htdocs\CMS\Sendigitour\wp-content\themes\astra\header.php(26): wp_head()
#16 C:\xampp\htdocs\CMS\Sendigitour\wp-includes\template.php(770): require_once('C:\\xampp\\htdocs...')
#17 C:\xampp\htdocs\CMS\Sendigitour\wp-includes\template.php(716): load_template('C:\\xampp\\htdocs...', true, Array)
#18 C:\xampp\htdocs\CMS\Sendigitour\wp-includes\general-template.php(48): locate_template(Array, true, true, Array)
#19 C:\xampp\htdocs\CMS\Sendigitour\wp-content\plugins\elementor\modules\page-templates\templates\header-footer.php(9): get_header()
#20 C:\xampp\htdocs\CMS\Sendigitour\wp-includes\template-loader.php(106): include('C:\\xampp\\htdocs...')
#21 C:\xampp\htdocs\CMS\Sendigitour\wp-blog-header.php(19): require_once('C:\\xampp\\htdocs...')
#22 C:\xampp\htdocs\CMS\Sendigitour\index.php(17): require('C:\\xampp\\htdocs...')
#23 {main}
  thrown dans C:\xampp\htdocs\CMS\Sendigitour\wp-content\plugins\elementor\includes\managers\elements.php à la ligne 70

2022-01-19T13:19:05+00:00 CRITICAL Uncaught TypeError: Elementor\Elements_Manager::create_element_instance(): Argument #1 ($element_data) must be of type array, string given, called in C:\xampp\htdocs\CMS\Sendigitour\wp-content\plugins\elementor\core\files\css\post.php on line 172 and defined in C:\xampp\htdocs\CMS\Sendigitour\wp-content\plugins\elementor\includes\managers\elements.php:70
Stack trace:
#0 C:\xampp\htdocs\CMS\Sendigitour\wp-content\plugins\elementor\core\files\css\post.php(172): Elementor\Elements_Manager->create_element_instance('Array')
#1 C:\xampp\htdocs\CMS\Sendigitour\wp-content\plugins\elementor\core\files\css\base.php(632): Elementor\Core\Files\CSS\Post->render_css()
#2 C:\xampp\htdocs\CMS\Sendigitour\wp-content\plugins\elementor\core\files\base.php(180): Elementor\Core\Files\CSS\Base->parse_content()
#3 C:\xampp\htdocs\CMS\Sendigitour\wp-content\plugins\elementor\core\files\css\base.php(131): Elementor\Core\Files\Base->update_file()
#4 C:\xampp\htdocs\CMS\Sendigitour\wp-content\plugins\elementor\core\files\css\base.php(218): Elementor\Core\Files\CSS\Base->update()
#5 C:\xampp\htdocs\CMS\Sendigitour\wp-content\plugins\elementor\core\files\css\post.php(201): Elementor\Core\Files\CSS\Base->enqueue()
#6 C:\xampp\htdocs\CMS\Sendigitour\wp-content\plugins\elementor\includes\frontend.php(639): Elementor\Core\Files\CSS\Post->enqueue()
#7 C:\xampp\htdocs\CMS\Sendigitour\wp-includes\class-wp-hook.php(303): Elementor\Frontend->enqueue_styles('')
#8 C:\xampp\htdocs\CMS\Sendigitour\wp-includes\class-wp-hook.php(327): WP_Hook->apply_filters(NULL, Array)
#9 C:\xampp\htdocs\CMS\Sendigitour\wp-includes\plugin.php(470): WP_Hook->do_action(Array)
#10 C:\xampp\htdocs\CMS\Sendigitour\wp-includes\script-loader.php(2083): do_action('wp_enqueue_scri...')
#11 C:\xampp\htdocs\CMS\Sendigitour\wp-includes\class-wp-hook.php(303): wp_enqueue_scripts('')
#12 C:\xampp\htdocs\CMS\Sendigitour\wp-includes\class-wp-hook.php(327): WP_Hook->apply_filters(NULL, Array)
#13 C:\xampp\htdocs\CMS\Sendigitour\wp-includes\plugin.php(470): WP_Hook->do_action(Array)
#14 C:\xampp\htdocs\CMS\Sendigitour\wp-includes\general-template.php(3015): do_action('wp_head')
#15 C:\xampp\htdocs\CMS\Sendigitour\wp-content\themes\astra\header.php(26): wp_head()
#16 C:\xampp\htdocs\CMS\Sendigitour\wp-includes\template.php(770): require_once('C:\\xampp\\htdocs...')
#17 C:\xampp\htdocs\CMS\Sendigitour\wp-includes\template.php(716): load_template('C:\\xampp\\htdocs...', true, Array)
#18 C:\xampp\htdocs\CMS\Sendigitour\wp-includes\general-template.php(48): locate_template(Array, true, true, Array)
#19 C:\xampp\htdocs\CMS\Sendigitour\wp-content\themes\astra\page.php(20): get_header()
#20 C:\xampp\htdocs\CMS\Sendigitour\wp-includes\template-loader.php(106): include('C:\\xampp\\htdocs...')
#21 C:\xampp\htdocs\CMS\Sendigitour\wp-blog-header.php(19): require_once('C:\\xampp\\htdocs...')
#22 C:\xampp\htdocs\CMS\Sendigitour\index.php(17): require('C:\\xampp\\htdocs...')
#23 {main}
  thrown dans C:\xampp\htdocs\CMS\Sendigitour\wp-content\plugins\elementor\includes\managers\elements.php à la ligne 70

